insert into survey(
id,hiring_type,seeking,volunteer,present,contract_months,java_skill,catagory,learn_OO,time,os,programmer_months,attendances,java_months,earliest,opensource_contrib,available,server,language,city,day,areacode,hiring,opensource_use,understand_OO,often,latest,methodology_OO,position,ide)
values
(2,null,'N','Y','Y',null,'Beginner','Java hobbyist','Y','6:00','Win NT/2000','36','5','12','6:00','N',null,null,'Basic','Noblesville','Wednesday','IN','N','Y','Y','Every 3 months','10:00','Y','Project/Product Manager',null)
insert into volunteer_how(id,volunteer_how) values (2,'Small role')
insert into speakers(id,speakers) values (2,'Vendors')
insert into speakers(id,speakers) values (2,'Professors/Educators')
insert into speakers(id,speakers) values (2,'Fellow members')
insert into speakers(id,speakers) values (2,'Industry Experts')
insert into learn_list(id,learn_list) values (2,'EJB')
insert into learn_list(id,learn_list) values (2,'JDBC')
insert into learn_list(id,learn_list) values (2,'JSP')
insert into learn_list(id,learn_list) values (2,'Swing')
insert into learn_list(id,learn_list) values (2,'Java2D')
insert into learn_list(id,learn_list) values (2,'XSL(XML)')
insert into learn_list(id,learn_list) values (2,'JNDI')
insert into learn_list(id,learn_list) values (2,'JINI')
insert into familar_list(id,familar_list) values (2,'HTML')
insert into familar_list(id,familar_list) values (2,'OOP')
insert into familar_list(id,familar_list) values (2,'Applets')
insert into familar_list(id,familar_list) values (2,'Servlets')
insert into familar_list(id,familar_list) values (2,'JDBC')
insert into familar_list(id,familar_list) values (2,'JSP')
insert into familar_list(id,familar_list) values (2,'Swing')
insert into familar_list(id,familar_list) values (2,'Java2D')
insert into survey(
id,hiring_type,seeking,volunteer,present,contract_months,java_skill,catagory,learn_OO,time,os,programmer_months,attendances,java_months,earliest,opensource_contrib,available,server,language,city,day,areacode,hiring,opensource_use,understand_OO,often,latest,methodology_OO,position,ide)
values
(3,null,'N','Y','N',null,'Beginner','Interested in learning Java from scratch','Y','17:00','Win NT/2000','180','none','0','17:00','N',null,'Tomcat','Oracle Developer/SQL Scripts','Lebanon','Thursday','46052','N','N','N','Every 3 months','20:00','N','Programmer: In-house development','JBuilder')
insert into volunteer_how(id,volunteer_how) values (3,'Librarian')
insert into volunteer_how(id,volunteer_how) values (3,'Coordinator')
insert into volunteer_how(id,volunteer_how) values (3,'Treasurer')
insert into speakers(id,speakers) values (3,'Vendors')
insert into speakers(id,speakers) values (3,'Professors/Educators')
insert into speakers(id,speakers) values (3,'Fellow members')
insert into speakers(id,speakers) values (3,'Industry Experts')
insert into learn_list(id,learn_list) values (3,'HTML')
insert into learn_list(id,learn_list) values (3,'OOP')
insert into learn_list(id,learn_list) values (3,'Applets')
insert into learn_list(id,learn_list) values (3,'Collections')
insert into learn_list(id,learn_list) values (3,'EJB')
insert into learn_list(id,learn_list) values (3,'JSSE/JCE')
insert into learn_list(id,learn_list) values (3,'Servlets')
insert into learn_list(id,learn_list) values (3,'JDBC')
insert into learn_list(id,learn_list) values (3,'JSP')
insert into learn_list(id,learn_list) values (3,'Swing')
insert into learn_list(id,learn_list) values (3,'Java2D')
insert into learn_list(id,learn_list) values (3,'Java3D')
insert into learn_list(id,learn_list) values (3,'JMS')
insert into learn_list(id,learn_list) values (3,'JTS')
insert into learn_list(id,learn_list) values (3,'SAX(XML)')
insert into learn_list(id,learn_list) values (3,'JDOM(XML)')
insert into learn_list(id,learn_list) values (3,'XSL(XML)')
insert into learn_list(id,learn_list) values (3,'RMI/CORBA')
insert into learn_list(id,learn_list) values (3,'JNDI')
insert into learn_list(id,learn_list) values (3,'JINI')
insert into familar_list(id,familar_list) values (3,'HTML')
insert into familar_list(id,familar_list) values (3,'Applets')
insert into familar_list(id,familar_list) values (3,'Servlets')
insert into familar_list(id,familar_list) values (3,'JDBC')
insert into familar_list(id,familar_list) values (3,'JSP')
insert into survey(
id,hiring_type,seeking,volunteer,present,contract_months,java_skill,catagory,learn_OO,time,os,programmer_months,attendances,java_months,earliest,opensource_contrib,available,server,language,city,day,areacode,hiring,opensource_use,understand_OO,often,latest,methodology_OO,position,ide)
values
(4,null,null,'Y','Y',null,'Intermediate','Java hobbyist','Y','6:00pm','Win 95/98','100','0','4','5:00pm','N',null,null,'C++','Zionsville','Wednesday','46077',null,'N','Y','Every month','10:00pm','Y','Programmer: Product development','JBuilder')
insert into volunteer_how(id,volunteer_how) values (4,'Coordinator')
insert into volunteer_how(id,volunteer_how) values (4,'Web Master')
insert into speakers(id,speakers) values (4,'Fellow members')
insert into speakers(id,speakers) values (4,'Industry Experts')
insert into learn_list(id,learn_list) values (4,'JDBC')
insert into familar_list(id,familar_list) values (4,'HTML')
insert into familar_list(id,familar_list) values (4,'OOP')
insert into familar_list(id,familar_list) values (4,'Applets')
insert into familar_list(id,familar_list) values (4,'JDBC')
insert into survey(
id,hiring_type,seeking,volunteer,present,contract_months,java_skill,catagory,learn_OO,time,os,programmer_months,attendances,java_months,earliest,opensource_contrib,available,server,language,city,day,areacode,hiring,opensource_use,understand_OO,often,latest,methodology_OO,position,ide)
values
(5,'Permanent','Y','Y','Y',null,'Intermediate','Professional Java contractor','Y','6:00','Win NT/2000','80','0','24','5:00','N','4/1/2001','WebSphere','Java','Indianapolis','Monday','46208','Y','N','Y','Every 2 months','9:00','Y','Contractor','Visual Age')
insert into volunteer_how(id,volunteer_how) values (5,'Librarian')
insert into volunteer_how(id,volunteer_how) values (5,'Coordinator')
insert into speakers(id,speakers) values (5,'Professors/Educators')
insert into speakers(id,speakers) values (5,'Industry Experts')
insert into learn_list(id,learn_list) values (5,'SAX(XML)')
insert into learn_list(id,learn_list) values (5,'JDOM(XML)')
insert into learn_list(id,learn_list) values (5,'XSL(XML)')
insert into learn_list(id,learn_list) values (5,'RMI/CORBA')
insert into learn_list(id,learn_list) values (5,'JNDI')
insert into learn_list(id,learn_list) values (5,'JINI')
insert into familar_list(id,familar_list) values (5,'HTML')
insert into familar_list(id,familar_list) values (5,'OOP')
insert into familar_list(id,familar_list) values (5,'Applets')
insert into familar_list(id,familar_list) values (5,'Collections')
insert into familar_list(id,familar_list) values (5,'EJB')
insert into familar_list(id,familar_list) values (5,'Servlets')
insert into familar_list(id,familar_list) values (5,'JDBC')
insert into familar_list(id,familar_list) values (5,'JSP')
insert into survey(
id,hiring_type,seeking,volunteer,present,contract_months,java_skill,catagory,learn_OO,time,os,programmer_months,attendances,java_months,earliest,opensource_contrib,available,server,language,city,day,areacode,hiring,opensource_use,understand_OO,often,latest,methodology_OO,position,ide)
values
(6,null,'Y','Y','N',null,'Beginner','Professional Java in-house programmer','Y','19:00','Win NT/2000, UNIX','84','0','6','18:00','N',null,'WebLogic','Java','Westfield',null,'46074','N','N','Y','Every month','21:30','Y','Programmer: Product development','JBuilder')
insert into volunteer_how(id,volunteer_how) values (6,'Librarian')
insert into volunteer_how(id,volunteer_how) values (6,'Web Master')
insert into volunteer_how(id,volunteer_how) values (6,'Treasurer')
insert into speakers(id,speakers) values (6,'Vendors')
insert into speakers(id,speakers) values (6,'Professors/Educators')
insert into speakers(id,speakers) values (6,'Fellow members')
insert into speakers(id,speakers) values (6,'Industry Experts')
insert into learn_list(id,learn_list) values (6,'OOP')
insert into learn_list(id,learn_list) values (6,'Applets')
insert into learn_list(id,learn_list) values (6,'Collections')
insert into learn_list(id,learn_list) values (6,'EJB')
insert into learn_list(id,learn_list) values (6,'JSSE/JCE')
insert into learn_list(id,learn_list) values (6,'Servlets')
insert into learn_list(id,learn_list) values (6,'JDBC')
insert into learn_list(id,learn_list) values (6,'JSP')
insert into learn_list(id,learn_list) values (6,'Swing')
insert into learn_list(id,learn_list) values (6,'Java2D')
insert into learn_list(id,learn_list) values (6,'Java3D')
insert into learn_list(id,learn_list) values (6,'JMS')
insert into learn_list(id,learn_list) values (6,'JTS')
insert into learn_list(id,learn_list) values (6,'SAX(XML)')
insert into learn_list(id,learn_list) values (6,'JDOM(XML)')
insert into learn_list(id,learn_list) values (6,'XSL(XML)')
insert into learn_list(id,learn_list) values (6,'RMI/CORBA')
insert into learn_list(id,learn_list) values (6,'JNDI')
insert into learn_list(id,learn_list) values (6,'JINI')
insert into familar_list(id,familar_list) values (6,'HTML')
insert into familar_list(id,familar_list) values (6,'OOP')
insert into familar_list(id,familar_list) values (6,'Collections')
insert into familar_list(id,familar_list) values (6,'EJB')
insert into familar_list(id,familar_list) values (6,'Servlets')
insert into familar_list(id,familar_list) values (6,'JDBC')
insert into familar_list(id,familar_list) values (6,'JSP')
insert into familar_list(id,familar_list) values (6,'JMS')
insert into survey(
id,hiring_type,seeking,volunteer,present,contract_months,java_skill,catagory,learn_OO,time,os,programmer_months,attendances,java_months,earliest,opensource_contrib,available,server,language,city,day,areacode,hiring,opensource_use,understand_OO,often,latest,methodology_OO,position,ide)
values
(7,'Contract','N','Y','Y','varies','Beginner','Java-based software marketer/salesman/manager','Y','6:30',null,'0','none','0','5:30','N',null,null,null,'Indianapolis','Thursday','46241','Y','N','Y','Every month','9:30','N',null,null)
insert into volunteer_how(id,volunteer_how) values (7,'Career Placement Advisor')
insert into speakers(id,speakers) values (7,'Fellow members')
insert into speakers(id,speakers) values (7,'Industry Experts')
insert into learn_list(id,learn_list) values (7,'HTML')
insert into learn_list(id,learn_list) values (7,'EJB')
insert into learn_list(id,learn_list) values (7,'JSSE/JCE')
insert into learn_list(id,learn_list) values (7,'Servlets')
insert into learn_list(id,learn_list) values (7,'JDBC')
insert into learn_list(id,learn_list) values (7,'JSP')
insert into learn_list(id,learn_list) values (7,'Swing')
insert into learn_list(id,learn_list) values (7,'Java2D')
insert into learn_list(id,learn_list) values (7,'Java Beans')
insert into survey(
id,hiring_type,seeking,volunteer,present,contract_months,java_skill,catagory,learn_OO,time,os,programmer_months,attendances,java_months,earliest,opensource_contrib,available,server,language,city,day,areacode,hiring,opensource_use,understand_OO,often,latest,methodology_OO,position,ide)
values
(8,null,'Y','N','Y',null,'Intermediate','Java hobbyist','Y','18:00','Win 95/98, NT2K, UNIX, OS/2','14','4','0','17:00','Y','12/01/2001',null,'Java','Indianapolis','Wednesday','46236','N','Y','Y','Every 3 months','21:00','Y',null,'Forte')
insert into speakers(id,speakers) values (8,'Fellow members')
insert into learn_list(id,learn_list) values (8,'HTML')
insert into learn_list(id,learn_list) values (8,'OOP')
insert into learn_list(id,learn_list) values (8,'Applets')
insert into learn_list(id,learn_list) values (8,'Collections')
insert into learn_list(id,learn_list) values (8,'Servlets')
insert into learn_list(id,learn_list) values (8,'JDBC')
insert into learn_list(id,learn_list) values (8,'JSP')
insert into learn_list(id,learn_list) values (8,'Swing')
insert into learn_list(id,learn_list) values (8,'Java2D')
insert into learn_list(id,learn_list) values (8,'Java3D')
insert into familar_list(id,familar_list) values (8,'HTML')
insert into familar_list(id,familar_list) values (8,'OOP')
insert into familar_list(id,familar_list) values (8,'Applets')
insert into familar_list(id,familar_list) values (8,'Collections')
insert into familar_list(id,familar_list) values (8,'Servlets')
insert into familar_list(id,familar_list) values (8,'Swing')
insert into familar_list(id,familar_list) values (8,'Java2D')
insert into survey(
id,hiring_type,seeking,volunteer,present,contract_months,java_skill,catagory,learn_OO,time,os,programmer_months,attendances,java_months,earliest,opensource_contrib,available,server,language,city,day,areacode,hiring,opensource_use,understand_OO,often,latest,methodology_OO,position,ide)
values
(9,null,'Y','Y','N',null,'Intermediate','Professional Java contractor','Y','20:00','Win 95/98','84','0','12','18:00','N',null,'WebSphere','Visual Basic','indianapolis','Wednesday','46235','N','Y','Y','Every 2 months','23:59','Y','Contractor','Visual Age')
insert into volunteer_how(id,volunteer_how) values (9,'Coordinator')
insert into speakers(id,speakers) values (9,'Professors/Educators')
insert into speakers(id,speakers) values (9,'Fellow members')
insert into speakers(id,speakers) values (9,'Industry Experts')
insert into learn_list(id,learn_list) values (9,'Collections')
insert into learn_list(id,learn_list) values (9,'Swing')
insert into learn_list(id,learn_list) values (9,'SAX(XML)')
insert into learn_list(id,learn_list) values (9,'JDOM(XML)')
insert into learn_list(id,learn_list) values (9,'XSL(XML)')
insert into learn_list(id,learn_list) values (9,'RMI/CORBA')
insert into learn_list(id,learn_list) values (9,'JNDI')
insert into familar_list(id,familar_list) values (9,'HTML')
insert into familar_list(id,familar_list) values (9,'OOP')
insert into familar_list(id,familar_list) values (9,'Applets')
insert into familar_list(id,familar_list) values (9,'EJB')
insert into familar_list(id,familar_list) values (9,'Servlets')
insert into familar_list(id,familar_list) values (9,'JDBC')
insert into familar_list(id,familar_list) values (9,'JSP')
insert into survey(
id,hiring_type,seeking,volunteer,present,contract_months,java_skill,catagory,learn_OO,time,os,programmer_months,attendances,java_months,earliest,opensource_contrib,available,server,language,city,day,areacode,hiring,opensource_use,understand_OO,often,latest,methodology_OO,position,ide)
values
(10,null,'N','Y','Y','forever','Beginner','Java hobbyist','Y','6:00','AS400','300','8','6','5:30','N',null,'WebSphere','RPG, LotusScript','Indianapolis','Wednesday','46256','N','Y','Y','Every 2 months','8:30','N','Contractor','Visual Age')
insert into volunteer_how(id,volunteer_how) values (10,'Coordinator')
insert into speakers(id,speakers) values (10,'Fellow members')
insert into learn_list(id,learn_list) values (10,'EJB')
insert into learn_list(id,learn_list) values (10,'JDBC')
insert into learn_list(id,learn_list) values (10,'Swing')
insert into learn_list(id,learn_list) values (10,'RMI/CORBA')
insert into familar_list(id,familar_list) values (10,'HTML')
insert into familar_list(id,familar_list) values (10,'OOP')
insert into familar_list(id,familar_list) values (10,'Collections')
insert into survey(
id,hiring_type,seeking,volunteer,present,contract_months,java_skill,catagory,learn_OO,time,os,programmer_months,attendances,java_months,earliest,opensource_contrib,available,server,language,city,day,areacode,hiring,opensource_use,understand_OO,often,latest,methodology_OO,position,ide)
values
(11,'Uncertain','Y','Y','Y','6','Expert','Professional Java contractor','Y','18:00','Linux, Win NT/2000','120',null,'60','16:00','N','02/05/2001','Apache w/JServ','Java','Indianapolis','Wednesday','46236','Y','Y','Y','Every month','21:00','Y','Contractor','Forte')
insert into volunteer_how(id,volunteer_how) values (11,'Coordinator')
insert into volunteer_how(id,volunteer_how) values (11,'Presenter')
insert into speakers(id,speakers) values (11,'Professors/Educators')
insert into speakers(id,speakers) values (11,'Fellow members')
insert into speakers(id,speakers) values (11,'Industry Experts')
insert into learn_list(id,learn_list) values (11,'EJB')
insert into learn_list(id,learn_list) values (11,'JSSE/JCE')
insert into learn_list(id,learn_list) values (11,'Java2D')
insert into learn_list(id,learn_list) values (11,'JMS')
insert into learn_list(id,learn_list) values (11,'JTS')
insert into learn_list(id,learn_list) values (11,'SAX(XML)')
insert into learn_list(id,learn_list) values (11,'JDOM(XML)')
insert into learn_list(id,learn_list) values (11,'XSL(XML)')
insert into learn_list(id,learn_list) values (11,'RMI/CORBA')
insert into learn_list(id,learn_list) values (11,'JINI')
insert into familar_list(id,familar_list) values (11,'HTML')
insert into familar_list(id,familar_list) values (11,'OOP')
insert into familar_list(id,familar_list) values (11,'Applets')
insert into familar_list(id,familar_list) values (11,'Collections')
insert into familar_list(id,familar_list) values (11,'EJB')
insert into familar_list(id,familar_list) values (11,'Servlets')
insert into familar_list(id,familar_list) values (11,'JDBC')
insert into familar_list(id,familar_list) values (11,'JSP')
insert into familar_list(id,familar_list) values (11,'Swing')
insert into familar_list(id,familar_list) values (11,'RMI/CORBA')
insert into survey(
id,hiring_type,seeking,volunteer,present,contract_months,java_skill,catagory,learn_OO,time,os,programmer_months,attendances,java_months,earliest,opensource_contrib,available,server,language,city,day,areacode,hiring,opensource_use,understand_OO,often,latest,methodology_OO,position,ide)
values
(12,null,'Y','Y','Y',null,'Expert','Professional Java contractor','Y','06:30','Win NT/2000','160','0','48','6:00','N','02/12/2001','WebLogic','Java','Fort Wayne','Thursday','46804','N','N','Y','Every month','9:00','Y','Contractor','Visual SlickEdit')
insert into volunteer_how(id,volunteer_how) values (12,'Coordinator')
insert into volunteer_how(id,volunteer_how) values (12,'Web Master')
insert into speakers(id,speakers) values (12,'Fellow members')
insert into speakers(id,speakers) values (12,'Industry Experts')
insert into learn_list(id,learn_list) values (12,'Java2D')
insert into learn_list(id,learn_list) values (12,'Java3D')
insert into learn_list(id,learn_list) values (12,'JMS')
insert into learn_list(id,learn_list) values (12,'JTS')
insert into learn_list(id,learn_list) values (12,'XSL(XML)')
insert into learn_list(id,learn_list) values (12,'RMI/CORBA')
insert into learn_list(id,learn_list) values (12,'JNDI')
insert into learn_list(id,learn_list) values (12,'JINI')
insert into familar_list(id,familar_list) values (12,'HTML')
insert into familar_list(id,familar_list) values (12,'OOP')
insert into familar_list(id,familar_list) values (12,'Applets')
insert into familar_list(id,familar_list) values (12,'Collections')
insert into familar_list(id,familar_list) values (12,'EJB')
insert into familar_list(id,familar_list) values (12,'Servlets')
insert into familar_list(id,familar_list) values (12,'JDBC')
insert into familar_list(id,familar_list) values (12,'JSP')
insert into familar_list(id,familar_list) values (12,'Swing')
insert into familar_list(id,familar_list) values (12,'RMI/CORBA')
insert into survey(
id,hiring_type,seeking,volunteer,present,contract_months,java_skill,catagory,learn_OO,time,os,programmer_months,attendances,java_months,earliest,opensource_contrib,available,server,language,city,day,areacode,hiring,opensource_use,understand_OO,often,latest,methodology_OO,position,ide)
values
(13,'Permanent','N','Y','Y',null,'Expert','Professional Java contractor','Y','6:00','NT 4.0','120','6','36','5:30','N',null,'Orion','Java','Indianapolis',null,'46227','Y','Y','Y','Every month','9:00','Y','Contractor','JBuilder, VisualAge, Forte')
insert into volunteer_how(id,volunteer_how) values (13,'Librarian')
insert into volunteer_how(id,volunteer_how) values (13,'Web Master')
insert into volunteer_how(id,volunteer_how) values (13,'Treasurer')
insert into speakers(id,speakers) values (13,'Vendors')
insert into speakers(id,speakers) values (13,'Professors/Educators')
insert into speakers(id,speakers) values (13,'Fellow members')
insert into speakers(id,speakers) values (13,'Industry Experts')
insert into learn_list(id,learn_list) values (13,'EJB')
insert into learn_list(id,learn_list) values (13,'JTS')
insert into learn_list(id,learn_list) values (13,'JNDI')
insert into learn_list(id,learn_list) values (13,'JINI')
insert into familar_list(id,familar_list) values (13,'HTML')
insert into familar_list(id,familar_list) values (13,'OOP')
insert into familar_list(id,familar_list) values (13,'Applets')
insert into familar_list(id,familar_list) values (13,'Collections')
insert into familar_list(id,familar_list) values (13,'EJB')
insert into familar_list(id,familar_list) values (13,'Servlets')
insert into familar_list(id,familar_list) values (13,'JDBC')
insert into familar_list(id,familar_list) values (13,'JSP')
insert into familar_list(id,familar_list) values (13,'JDOM(XML)')
insert into familar_list(id,familar_list) values (13,'XSL(XML)')
insert into familar_list(id,familar_list) values (13,'RMI/CORBA')
insert into survey(
id,hiring_type,seeking,volunteer,present,contract_months,java_skill,catagory,learn_OO,time,os,programmer_months,attendances,java_months,earliest,opensource_contrib,available,server,language,city,day,areacode,hiring,opensource_use,understand_OO,often,latest,methodology_OO,position,ide)
values
(14,null,null,'N','N',null,'Beginner','Interested in learning Java from scratch','Y','17:00','Win 95/98','60+','none','none','17:00',null,null,null,'Cobol','indianapolis','Sunday','46032',null,null,'Y','Every 2 months','21:00',null,'Contractor',null)
insert into speakers(id,speakers) values (14,'Fellow members')
insert into speakers(id,speakers) values (14,'Industry Experts')
insert into learn_list(id,learn_list) values (14,'HTML')
insert into learn_list(id,learn_list) values (14,'OOP')
insert into learn_list(id,learn_list) values (14,'Applets')
insert into learn_list(id,learn_list) values (14,'JDBC')
insert into learn_list(id,learn_list) values (14,'Java3D')
insert into survey(
id,hiring_type,seeking,volunteer,present,contract_months,java_skill,catagory,learn_OO,time,os,programmer_months,attendances,java_months,earliest,opensource_contrib,available,server,language,city,day,areacode,hiring,opensource_use,understand_OO,often,latest,methodology_OO,position,ide)
values
(15,null,'N','Y','Y',null,'Expert','Project Manager for Java projects','Y','6-8 pm','Unix','180','0','50','4 pm','Y',null,'Tomcat','Java','Carmel','Wednesday','46032','N','Y','Y','Every 2 months','9 pm','Y','Programmer: Project development',null)
insert into speakers(id,speakers) values (15,'Vendors')
insert into speakers(id,speakers) values (15,'Professors/Educators')
insert into speakers(id,speakers) values (15,'Fellow members')
insert into speakers(id,speakers) values (15,'Industry Experts')
insert into learn_list(id,learn_list) values (15,'OOP')
insert into learn_list(id,learn_list) values (15,'EJB')
insert into familar_list(id,familar_list) values (15,'HTML')
insert into familar_list(id,familar_list) values (15,'OOP')
insert into familar_list(id,familar_list) values (15,'Collections')
insert into familar_list(id,familar_list) values (15,'Servlets')
insert into familar_list(id,familar_list) values (15,'JDBC')
insert into familar_list(id,familar_list) values (15,'JSP')
insert into familar_list(id,familar_list) values (15,'SAX(XML)')
insert into familar_list(id,familar_list) values (15,'JDOM(XML)')
insert into familar_list(id,familar_list) values (15,'XSL(XML)')
insert into survey(
id,hiring_type,seeking,volunteer,present,contract_months,java_skill,catagory,learn_OO,time,os,programmer_months,attendances,java_months,earliest,opensource_contrib,available,server,language,city,day,areacode,hiring,opensource_use,understand_OO,often,latest,methodology_OO,position,ide)
values
(16,null,'N','N','N',null,'Expert','Professional Java in-house programmer','Y','18:00','Win NT/2000','132','2','50','17:00','N',null,'WebLogic','Java','Noblesville',null,'46060','N','Y','Y','Every 3 months','19:00','Y','Programmer: Product development','Visual Cafe')
insert into speakers(id,speakers) values (16,'Vendors')
insert into speakers(id,speakers) values (16,'Professors/Educators')
insert into speakers(id,speakers) values (16,'Fellow members')
insert into speakers(id,speakers) values (16,'Industry Experts')
insert into learn_list(id,learn_list) values (16,'OOP')
insert into learn_list(id,learn_list) values (16,'JSP')
insert into learn_list(id,learn_list) values (16,'JNDI')
insert into familar_list(id,familar_list) values (16,'HTML')
insert into familar_list(id,familar_list) values (16,'OOP')
insert into familar_list(id,familar_list) values (16,'Applets')
insert into familar_list(id,familar_list) values (16,'Collections')
insert into familar_list(id,familar_list) values (16,'EJB')
insert into familar_list(id,familar_list) values (16,'Servlets')
insert into familar_list(id,familar_list) values (16,'JDBC')
insert into familar_list(id,familar_list) values (16,'JSP')
insert into familar_list(id,familar_list) values (16,'Swing')
insert into familar_list(id,familar_list) values (16,'JMS')
insert into familar_list(id,familar_list) values (16,'JTS')
insert into familar_list(id,familar_list) values (16,'SAX(XML)')
insert into familar_list(id,familar_list) values (16,'RMI/CORBA')
insert into familar_list(id,familar_list) values (16,'JNDI')
insert into survey(
id,hiring_type,seeking,volunteer,present,contract_months,java_skill,catagory,learn_OO,time,os,programmer_months,attendances,java_months,earliest,opensource_contrib,available,server,language,city,day,areacode,hiring,opensource_use,understand_OO,often,latest,methodology_OO,position,ide)
values
(17,null,'N','Y','Y',null,'Intermediate','Professional Java in-house programmer','Y',null,'Win 95/98','22','0','11',null,'N',null,'JRun','Java','Indianapolis',null,'317','N','N','Y','Every month',null,'Y','Programmer: In-house development','Visual Cafe')
insert into volunteer_how(id,volunteer_how) values (17,'Coordinator')
insert into speakers(id,speakers) values (17,'Industry Experts')
insert into learn_list(id,learn_list) values (17,'EJB')
insert into learn_list(id,learn_list) values (17,'Servlets')
insert into learn_list(id,learn_list) values (17,'JDBC')
insert into learn_list(id,learn_list) values (17,'Swing')
insert into learn_list(id,learn_list) values (17,'XSL(XML)')
insert into familar_list(id,familar_list) values (17,'HTML')
insert into familar_list(id,familar_list) values (17,'OOP')
insert into familar_list(id,familar_list) values (17,'Servlets')
insert into familar_list(id,familar_list) values (17,'JSP')
insert into survey(
id,hiring_type,seeking,volunteer,present,contract_months,java_skill,catagory,learn_OO,time,os,programmer_months,attendances,java_months,earliest,opensource_contrib,available,server,language,city,day,areacode,hiring,opensource_use,understand_OO,often,latest,methodology_OO,position,ide)
values
(18,null,'Y','N','Y',null,'Intermediate','Professional Java in-house programmer','Y','19:00','Linux','24','1','16','18:00','Y','01/01/2002','Tomcat','Java','Indianapolis','Tuesday','317','N','Y','Y','Every 2 months','22:00','Y','Programmer: In-house development',null)
insert into speakers(id,speakers) values (18,'Professors/Educators')
insert into speakers(id,speakers) values (18,'Fellow members')
insert into speakers(id,speakers) values (18,'Industry Experts')
insert into learn_list(id,learn_list) values (18,'JSSE/JCE')
insert into learn_list(id,learn_list) values (18,'Java2D')
insert into learn_list(id,learn_list) values (18,'Java3D')
insert into learn_list(id,learn_list) values (18,'JINI')
insert into familar_list(id,familar_list) values (18,'HTML')
insert into familar_list(id,familar_list) values (18,'OOP')
insert into familar_list(id,familar_list) values (18,'Applets')
insert into familar_list(id,familar_list) values (18,'Collections')
insert into familar_list(id,familar_list) values (18,'EJB')
insert into familar_list(id,familar_list) values (18,'Servlets')
insert into familar_list(id,familar_list) values (18,'JDBC')
insert into familar_list(id,familar_list) values (18,'JSP')
insert into familar_list(id,familar_list) values (18,'Swing')
insert into familar_list(id,familar_list) values (18,'SAX(XML)')
insert into familar_list(id,familar_list) values (18,'XSL(XML)')
insert into familar_list(id,familar_list) values (18,'RMI/CORBA')
insert into familar_list(id,familar_list) values (18,'JNDI')
insert into survey(
id,hiring_type,seeking,volunteer,present,contract_months,java_skill,catagory,learn_OO,time,os,programmer_months,attendances,java_months,earliest,opensource_contrib,available,server,language,city,day,areacode,hiring,opensource_use,understand_OO,often,latest,methodology_OO,position,ide)
values
(19,null,'Y','Y',null,null,'Intermediate','Java hobbyist','Y','7:00PM-9:00PM','Win NT/2000','80','1','2','5:00',null,'10/1/2001','JRun','Basic, C++','Carnel','Thursday','46033',null,null,'Y','Every month',null,'Y','Programmer: Product development','JBuilder')
insert into volunteer_how(id,volunteer_how) values (19,'Librarian')
insert into volunteer_how(id,volunteer_how) values (19,'Coordinator')
insert into speakers(id,speakers) values (19,'Vendors')
insert into speakers(id,speakers) values (19,'Professors/Educators')
insert into speakers(id,speakers) values (19,'Fellow members')
insert into speakers(id,speakers) values (19,'Industry Experts')
insert into learn_list(id,learn_list) values (19,'HTML')
insert into learn_list(id,learn_list) values (19,'OOP')
insert into learn_list(id,learn_list) values (19,'Collections')
insert into learn_list(id,learn_list) values (19,'EJB')
insert into learn_list(id,learn_list) values (19,'Servlets')
insert into learn_list(id,learn_list) values (19,'JDBC')
insert into learn_list(id,learn_list) values (19,'JSP')
insert into learn_list(id,learn_list) values (19,'Swing')
insert into learn_list(id,learn_list) values (19,'JMS')
insert into learn_list(id,learn_list) values (19,'JTS')
insert into learn_list(id,learn_list) values (19,'SAX(XML)')
insert into learn_list(id,learn_list) values (19,'JDOM(XML)')
insert into learn_list(id,learn_list) values (19,'XSL(XML)')
insert into learn_list(id,learn_list) values (19,'RMI/CORBA')
insert into learn_list(id,learn_list) values (19,'JNDI')
insert into learn_list(id,learn_list) values (19,'JINI')
insert into familar_list(id,familar_list) values (19,'HTML')
insert into familar_list(id,familar_list) values (19,'OOP')
insert into familar_list(id,familar_list) values (19,'Applets')
insert into familar_list(id,familar_list) values (19,'EJB')
insert into familar_list(id,familar_list) values (19,'Servlets')
insert into familar_list(id,familar_list) values (19,'XSL(XML)')
insert into survey(
id,hiring_type,seeking,volunteer,present,contract_months,java_skill,catagory,learn_OO,time,os,programmer_months,attendances,java_months,earliest,opensource_contrib,available,server,language,city,day,areacode,hiring,opensource_use,understand_OO,often,latest,methodology_OO,position,ide)
values
(20,null,'Y','Y','Y',null,'Intermediate','Professional Java contractor',null,null,'Win NT/2000','84','All but 3','36',null,'N',null,'JRun','Java','Indianapolis','Wednesday','317','N','Y','Y','Every month',null,'Y','Programmer: Product development','Forte')
insert into speakers(id,speakers) values (20,'Fellow members')
insert into learn_list(id,learn_list) values (20,'EJB')
insert into learn_list(id,learn_list) values (20,'JSSE/JCE')
insert into learn_list(id,learn_list) values (20,'XSL(XML)')
insert into learn_list(id,learn_list) values (20,'JINI')
insert into familar_list(id,familar_list) values (20,'HTML')
insert into familar_list(id,familar_list) values (20,'OOP')
insert into familar_list(id,familar_list) values (20,'Applets')
insert into familar_list(id,familar_list) values (20,'Collections')
insert into familar_list(id,familar_list) values (20,'Servlets')
insert into familar_list(id,familar_list) values (20,'JDBC')
insert into familar_list(id,familar_list) values (20,'JSP')
insert into familar_list(id,familar_list) values (20,'Swing')
insert into familar_list(id,familar_list) values (20,'SAX(XML)')
insert into familar_list(id,familar_list) values (20,'RMI/CORBA')
insert into survey(
id,hiring_type,seeking,volunteer,present,contract_months,java_skill,catagory,learn_OO,time,os,programmer_months,attendances,java_months,earliest,opensource_contrib,available,server,language,city,day,areacode,hiring,opensource_use,understand_OO,often,latest,methodology_OO,position,ide)
values
(21,null,'Y','Y','Y',null,'Beginner','Java hobbyist','Y','7pm','Win 95/98','8','0','8','5:30','N','2/1/2001',null,'Java','Indianapolis','Wednesday','46250','N','N','N','Every month','10:30','N',null,'trying Forte for Java')
insert into volunteer_how(id,volunteer_how) values (21,'Librarian')
insert into volunteer_how(id,volunteer_how) values (21,'Coordinator')
insert into volunteer_how(id,volunteer_how) values (21,'Treasurer')
insert into speakers(id,speakers) values (21,'Professors/Educators')
insert into speakers(id,speakers) values (21,'Fellow members')
insert into speakers(id,speakers) values (21,'Industry Experts')
insert into learn_list(id,learn_list) values (21,'OOP')
insert into learn_list(id,learn_list) values (21,'Applets')
insert into learn_list(id,learn_list) values (21,'Servlets')
insert into learn_list(id,learn_list) values (21,'JDBC')
insert into learn_list(id,learn_list) values (21,'Swing')
insert into learn_list(id,learn_list) values (21,'RMI/CORBA')
insert into familar_list(id,familar_list) values (21,'HTML')
insert into familar_list(id,familar_list) values (21,'Applets')
insert into survey(
id,hiring_type,seeking,volunteer,present,contract_months,java_skill,catagory,learn_OO,time,os,programmer_months,attendances,java_months,earliest,opensource_contrib,available,server,language,city,day,areacode,hiring,opensource_use,understand_OO,often,latest,methodology_OO,position,ide)
values
(22,'Permanent','N','Y','Y',null,'Expert','Professional Java in-house programmer','N','06:00','Win NT/2000','100','1','50','05:30','N',null,'Tomcat','Java','Indianapolis','Monday','46220','Y','Y','Y','Every month','10:00','Y','Programmer: Product development','JBuilder')
insert into volunteer_how(id,volunteer_how) values (22,'Librarian')
insert into volunteer_how(id,volunteer_how) values (22,'Coordinator')
insert into volunteer_how(id,volunteer_how) values (22,'Web Master')
insert into volunteer_how(id,volunteer_how) values (22,'Treasurer')
insert into speakers(id,speakers) values (22,'Fellow members')
insert into speakers(id,speakers) values (22,'Industry Experts')
insert into learn_list(id,learn_list) values (22,'EJB')
insert into learn_list(id,learn_list) values (22,'JSSE/JCE')
insert into learn_list(id,learn_list) values (22,'Java2D')
insert into learn_list(id,learn_list) values (22,'Java3D')
insert into learn_list(id,learn_list) values (22,'JMS')
insert into learn_list(id,learn_list) values (22,'JTS')
insert into learn_list(id,learn_list) values (22,'JDOM(XML)')
insert into learn_list(id,learn_list) values (22,'JINI')
insert into familar_list(id,familar_list) values (22,'HTML')
insert into familar_list(id,familar_list) values (22,'OOP')
insert into familar_list(id,familar_list) values (22,'Applets')
insert into familar_list(id,familar_list) values (22,'Collections')
insert into familar_list(id,familar_list) values (22,'JSSE/JCE')
insert into familar_list(id,familar_list) values (22,'Servlets')
insert into familar_list(id,familar_list) values (22,'JDBC')
insert into familar_list(id,familar_list) values (22,'JSP')
insert into familar_list(id,familar_list) values (22,'Swing')
insert into familar_list(id,familar_list) values (22,'SAX(XML)')
insert into familar_list(id,familar_list) values (22,'XSL(XML)')
insert into familar_list(id,familar_list) values (22,'RMI/CORBA')
insert into survey(
id,hiring_type,seeking,volunteer,present,contract_months,java_skill,catagory,learn_OO,time,os,programmer_months,attendances,java_months,earliest,opensource_contrib,available,server,language,city,day,areacode,hiring,opensource_use,understand_OO,often,latest,methodology_OO,position,ide)
values
(23,null,'N','Y','Y',null,'Expert','Project Manager for Java projects','N','7:00','Linux','180','2','48','6:30','N',null,'JBoss','Java','Anderson','Tuesday','46013','N','Y','Y','Every 2 months','9:00','Y','Contractor','JBuilder')
insert into volunteer_how(id,volunteer_how) values (23,'Web Master')
insert into speakers(id,speakers) values (23,'Fellow members')
insert into speakers(id,speakers) values (23,'Industry Experts')
insert into learn_list(id,learn_list) values (23,'JSSE/JCE')
insert into learn_list(id,learn_list) values (23,'JMS')
insert into learn_list(id,learn_list) values (23,'SAX(XML)')
insert into learn_list(id,learn_list) values (23,'XSL(XML)')
insert into learn_list(id,learn_list) values (23,'JINI')
insert into familar_list(id,familar_list) values (23,'HTML')
insert into familar_list(id,familar_list) values (23,'OOP')
insert into familar_list(id,familar_list) values (23,'Applets')
insert into familar_list(id,familar_list) values (23,'Collections')
insert into familar_list(id,familar_list) values (23,'EJB')
insert into familar_list(id,familar_list) values (23,'Servlets')
insert into familar_list(id,familar_list) values (23,'JDBC')
insert into familar_list(id,familar_list) values (23,'Swing')
insert into familar_list(id,familar_list) values (23,'JMS')
insert into familar_list(id,familar_list) values (23,'JTS')
insert into familar_list(id,familar_list) values (23,'RMI/CORBA')
insert into familar_list(id,familar_list) values (23,'JNDI')
insert into survey(
id,hiring_type,seeking,volunteer,present,contract_months,java_skill,catagory,learn_OO,time,os,programmer_months,attendances,java_months,earliest,opensource_contrib,available,server,language,city,day,areacode,hiring,opensource_use,understand_OO,often,latest,methodology_OO,position,ide)
values
(24,'Uncertain','Y','Y','Y',null,'Intermediate','Professional Java in-house programmer','Y','6:00','Unix','156','0','18','4:00','N',null,'WebLogic','Java','Kokomo','Thursday','46013','Y','Y','Y','Every month','10:00','Y','Project/Product Manager','OOP EJB Servlets JDBC JSP Swing JMS JTS SAX(XML) JDOM(XML) XSL(XML) RMI/CORBA JNDI JINI JBuilder')
insert into volunteer_how(id,volunteer_how) values (24,'Coordinator Web Master')
insert into speakers(id,speakers) values (24,'Fellow members Industry Experts')
insert into learn_list(id,learn_list) values (24,'OOP EJB Servlets JDBC JSP Swing JMS JTS SAX(XML) JDOM(XML) XSL(XML) RMI/CORBA JNDI JINI JBuilder')
insert into familar_list(id,familar_list) values (24,'HTML OOP Applets Collections EJB JDBC Swing RMI/CORBA JNDI JINI')
